=== Prediction Debug Log ===

Time: 2025-04-18 17:26:45

Starting prediction process
POST data: Array
(
    [kriteria] => Array
        (
            [1] => 10
            [2] => 10
            [3] => 5
            [4] => 10
            [6] => 10
        )

)

Input criteria: Array
(
    [1] => 10
    [2] => 10
    [3] => 5
    [4] => 10
    [6] => 10
)

Sorted input criteria: Array
(
    [1] => 10
    [2] => 10
    [3] => 5
    [4] => 10
    [6] => 10
)

Root directory: C:\laragon\www\wisata_rf
Temp file path: C:\laragon\www\wisata_rf/model/data_input.csv
Python script path: C:\laragon\www\wisata_rf/controller/predict.py
Python path 1: C:\laragon\www\wisata_rf/.venv/Scripts/python.exe
Python script exists: YES
Model file exists: YES
Headers from database: Array
(
    [1] => Fasilitas
    [2] => Akses Jalan
    [3] => Rating Pengunjung
    [4] => Jumlah Pengunjung
    [6] => Jarak ke Kota
)

CSV content to be written:
Fasilitas,Akses Jalan,Rating Pengunjung,Jumlah Pengunjung,Jarak ke Kota
10,10,5,10,10

CSV file written successfully
Batch file created with content:
@echo off
cd C:\laragon\www\wisata_rf
call .venv\Scripts\activate.bat
python controller/predict.py
call deactivate

Running command: cmd /c "C:\laragon\www\wisata_rf/run_prediction.bat" 2>&1
Command output: Traceback (most recent call last):
  File "C:\laragon\www\wisata_rf\controller\predict.py", line 15, in <module>
    hasil = model.predict(df_input)[0]
            ~~~~~~~~~~~~~^^^^^^^^^^
  File "C:\laragon\www\wisata_rf\.venv\Lib\site-packages\sklearn\ensemble\_forest.py", line 904, in predict
    proba = self.predict_proba(X)
  File "C:\laragon\www\wisata_rf\.venv\Lib\site-packages\sklearn\ensemble\_forest.py", line 946, in predict_proba
    X = self._validate_X_predict(X)
  File "C:\laragon\www\wisata_rf\.venv\Lib\site-packages\sklearn\ensemble\_forest.py", line 638, in _validate_X_predict
    X = validate_data(
        self,
    ...<4 lines>...
        ensure_all_finite=ensure_all_finite,
    )
  File "C:\laragon\www\wisata_rf\.venv\Lib\site-packages\sklearn\utils\validation.py", line 2944, in validate_data
    out = check_array(X, input_name="X", **check_params)
  File "C:\laragon\www\wisata_rf\.venv\Lib\site-packages\sklearn\utils\validation.py", line 1055, in check_array
    array = _asarray_with_order(array, order=order, dtype=dtype, xp=xp)
  File "C:\laragon\www\wisata_rf\.venv\Lib\site-packages\sklearn\utils\_array_api.py", line 839, in _asarray_with_order
    array = numpy.asarray(array, order=order, dtype=dtype)
  File "C:\laragon\www\wisata_rf\.venv\Lib\site-packages\pandas\core\generic.py", line 2153, in __array__
    arr = np.asarray(values, dtype=dtype)
ValueError: could not convert string to float: 'Fasilitas'

Batch file deleted
Processed output: Traceback (most recent call last):
  File "C:\laragon\www\wisata_rf\controller\predict.py", line 15, in <module>
    hasil = model.predict(df_input)[0]
            ~~~~~~~~~~~~~^^^^^^^^^^
  File "C:\laragon\www\wisata_rf\.venv\Lib\site-packages\sklearn\ensemble\_forest.py", line 904, in predict
    proba = self.predict_proba(X)
  File "C:\laragon\www\wisata_rf\.venv\Lib\site-packages\sklearn\ensemble\_forest.py", line 946, in predict_proba
    X = self._validate_X_predict(X)
  File "C:\laragon\www\wisata_rf\.venv\Lib\site-packages\sklearn\ensemble\_forest.py", line 638, in _validate_X_predict
    X = validate_data(
        self,
    ...<4 lines>...
        ensure_all_finite=ensure_all_finite,
    )
  File "C:\laragon\www\wisata_rf\.venv\Lib\site-packages\sklearn\utils\validation.py", line 2944, in validate_data
    out = check_array(X, input_name="X", **check_params)
  File "C:\laragon\www\wisata_rf\.venv\Lib\site-packages\sklearn\utils\validation.py", line 1055, in check_array
    array = _asarray_with_order(array, order=order, dtype=dtype, xp=xp)
  File "C:\laragon\www\wisata_rf\.venv\Lib\site-packages\sklearn\utils\_array_api.py", line 839, in _asarray_with_order
    array = numpy.asarray(array, order=order, dtype=dtype)
  File "C:\laragon\www\wisata_rf\.venv\Lib\site-packages\pandas\core\generic.py", line 2153, in __array__
    arr = np.asarray(values, dtype=dtype)
ValueError: could not convert string to float: 'Fasilitas'
ERROR: Error dalam proses prediksi: Traceback (most recent call last):
  File "C:\laragon\www\wisata_rf\controller\predict.py", line 15, in <module>
    hasil = model.predict(df_input)[0]
            ~~~~~~~~~~~~~^^^^^^^^^^
  File "C:\laragon\www\wisata_rf\.venv\Lib\site-packages\sklearn\ensemble\_forest.py", line 904, in predict
    proba = self.predict_proba(X)
  File "C:\laragon\www\wisata_rf\.venv\Lib\site-packages\sklearn\ensemble\_forest.py", line 946, in predict_proba
    X = self._validate_X_predict(X)
  File "C:\laragon\www\wisata_rf\.venv\Lib\site-packages\sklearn\ensemble\_forest.py", line 638, in _validate_X_predict
    X = validate_data(
        self,
    ...<4 lines>...
        ensure_all_finite=ensure_all_finite,
    )
  File "C:\laragon\www\wisata_rf\.venv\Lib\site-packages\sklearn\utils\validation.py", line 2944, in validate_data
    out = check_array(X, input_name="X", **check_params)
  File "C:\laragon\www\wisata_rf\.venv\Lib\site-packages\sklearn\utils\validation.py", line 1055, in check_array
    array = _asarray_with_order(array, order=order, dtype=dtype, xp=xp)
  File "C:\laragon\www\wisata_rf\.venv\Lib\site-packages\sklearn\utils\_array_api.py", line 839, in _asarray_with_order
    array = numpy.asarray(array, order=order, dtype=dtype)
  File "C:\laragon\www\wisata_rf\.venv\Lib\site-packages\pandas\core\generic.py", line 2153, in __array__
    arr = np.asarray(values, dtype=dtype)
ValueError: could not convert string to float: 'Fasilitas'
Stack trace: #0 {main}
Temp file kept for debugging
=== End of log ===

